0 info it worked if it ends with ok
1 verbose cli [ 'C:\\Program Files\\nodejs\\node.exe',
1 verbose cli   'C:\\Program Files\\nodejs\\node_modules\\npm\\bin\\npm-cli.js',
1 verbose cli   'run',
1 verbose cli   'eslint' ]
2 info using npm@3.10.10
3 info using node@v6.10.2
4 verbose run-script [ 'preeslint', 'eslint', 'posteslint' ]
5 info lifecycle vsc-extension-ansible@0.0.1~preeslint: vsc-extension-ansible@0.0.1
6 silly lifecycle vsc-extension-ansible@0.0.1~preeslint: no script for preeslint, continuing
7 info lifecycle vsc-extension-ansible@0.0.1~eslint: vsc-extension-ansible@0.0.1
8 verbose lifecycle vsc-extension-ansible@0.0.1~eslint: unsafe-perm in lifecycle true
9 verbose lifecycle vsc-extension-ansible@0.0.1~eslint: PATH: C:\Program Files\nodejs\node_modules\npm\bin\node-gyp-bin;e:\oss\vsc-extension-ansible\node_modules\.bin;C:\Program Files\Docker\Docker\Resources\bin;C:\Program Files (x86)\Microsoft SDKs\Azure\CLI2\wbin;C:\ProgramData\Oracle\Java\javapath;C:\ProgramData\Oracle\Java\javapath1;C:\Python34;C:\Python34\Scripts;C:\Python27\;C:\Python27\Scripts;C:\Program Files\Common Files\Microsoft Shared\Microsoft Online Services;C:\Program Files (x86)\Common Files\Microsoft Shared\Microsoft Online Services;C:\WINDOWS\system32;C:\WINDOWS;C:\WINDOWS\System32\Wbem;C:\WINDOWS\System32\WindowsPowerShell\v1.0\;C:\Program Files (x86)\PuTTY\;C:\Program Files\Git\cmd;C:\Users\yungez\.dnx\bin;C:\Program Files\Microsoft DNX\Dnvm\;C:\Program Files (x86)\Windows Kits\8.1\Windows Performance Toolkit\;C:\Program Files\Microsoft SQL Server\120\Tools\Binn\;C:\Program Files\Microsoft SQL Server\130\Tools\Binn\;C:\Program Files (x86)\Microsoft Emulator Manager\1.0\;D:\Program Files\Redis\;C:\Program Files (x86)\Microsoft SQL Server\Client SDK\ODBC\130\Tools\Binn\;C:\Program Files (x86)\Microsoft SQL Server\130\Tools\Binn\;C:\Program Files (x86)\Microsoft SQL Server\130\DTS\Binn\;C:\Program Files (x86)\Microsoft SQL Server\130\Tools\Binn\ManagementStudio\;D:\Program Files\CMake\bin;C:\Program Files\Microsoft\Web Platform Installer\;D:\Program Files\apache-maven-3.3.9-bin\apache-maven-3.3.9\bin;D:\Program Files\Java\jdk1.8.0_121\bin;C:\Program Files\nodejs\;C:\Program Files (x86)\Yarn\bin;C:\Program Files\MySQL\MySQL Utilities 1.6\;C:\Program Files\Microsoft SQL Server\Client SDK\ODBC\130\Tools\Binn\;C:\Program Files\Microsoft SQL Server\130\DTS\Binn\;d:\Program Files\Cloud Foundry;C:\Program Files\dotnet\;D:\Program Files (x86)\gradle\gradle-4.2.1\bin;C:\Users\yungez\AppData\Local\Microsoft\WindowsApps;C:\Program Files (x86)\Microsoft VS Code\bin;C:\Users\yungez\AppData\Local\atom\bin;C:\Users\yungez\AppData\Roaming\npm;C:\Users\yungez\AppData\Local\Yarn\.bin;C:\Users\yungez\AppData\Local\Programs\Fiddler;%USERPROFILE%\AppData\Local\Microsoft\WindowsApps;
10 verbose lifecycle vsc-extension-ansible@0.0.1~eslint: CWD: e:\oss\vsc-extension-ansible
11 silly lifecycle vsc-extension-ansible@0.0.1~eslint: Args: [ '/d /s /c', 'node .' ]
12 silly lifecycle vsc-extension-ansible@0.0.1~eslint: Returned: code: 1  signal: null
13 info lifecycle vsc-extension-ansible@0.0.1~eslint: Failed to exec eslint script
14 verbose stack Error: vsc-extension-ansible@0.0.1 eslint: `node .`
14 verbose stack Exit status 1
14 verbose stack     at EventEmitter.<anonymous> (C:\Program Files\nodejs\node_modules\npm\lib\utils\lifecycle.js:255:16)
14 verbose stack     at emitTwo (events.js:106:13)
14 verbose stack     at EventEmitter.emit (events.js:191:7)
14 verbose stack     at ChildProcess.<anonymous> (C:\Program Files\nodejs\node_modules\npm\lib\utils\spawn.js:40:14)
14 verbose stack     at emitTwo (events.js:106:13)
14 verbose stack     at ChildProcess.emit (events.js:191:7)
14 verbose stack     at maybeClose (internal/child_process.js:886:16)
14 verbose stack     at Process.ChildProcess._handle.onexit (internal/child_process.js:226:5)
15 verbose pkgid vsc-extension-ansible@0.0.1
16 verbose cwd e:\oss\vsc-extension-ansible
17 error Windows_NT 10.0.16299
18 error argv "C:\\Program Files\\nodejs\\node.exe" "C:\\Program Files\\nodejs\\node_modules\\npm\\bin\\npm-cli.js" "run" "eslint"
19 error node v6.10.2
20 error npm  v3.10.10
21 error code ELIFECYCLE
22 error vsc-extension-ansible@0.0.1 eslint: `node .`
22 error Exit status 1
23 error Failed at the vsc-extension-ansible@0.0.1 eslint script 'node .'.
23 error Make sure you have the latest version of node.js and npm installed.
23 error If you do, this is most likely a problem with the vsc-extension-ansible package,
23 error not with npm itself.
23 error Tell the author that this fails on your system:
23 error     node .
23 error You can get information on how to open an issue for this project with:
23 error     npm bugs vsc-extension-ansible
23 error Or if that isn't available, you can get their info via:
23 error     npm owner ls vsc-extension-ansible
23 error There is likely additional logging output above.
24 verbose exit [ 1, true ]
